<?xml version="1.0" encoding="UTF-8"?>
<!-- Generated by org.testng.reporters.JUnitReportReporter -->
<testsuite hostname="SajidkhanPathan" failures="0" tests="1" name="com.crowdstaffing.pom.testcases.Signup" time="15.108" errors="0" timestamp="5 Sep 2022 08:14:39 GMT">
  <testcase classname="com.crowdstaffing.pom.testcases.Signup" name="signUp" time="15.108"/>
</testsuite> <!-- com.crowdstaffing.pom.testcases.Signup -->
