<?xml version="1.0" encoding="UTF-8"?>
<!-- Generated by org.testng.reporters.JUnitReportReporter -->
<testsuite hostname="SajidkhanPathan" failures="0" tests="1" name="com.startupoi.pom.testcases.Signout" time="21.410" errors="0" timestamp="13 Jul 2022 06:04:33 GMT">
  <testcase classname="com.startupoi.pom.testcases.Signout" name="login" time="21.410"/>
</testsuite> <!-- com.startupoi.pom.testcases.Signout -->
